2025-05-15 21:54:38,485 - INFO - automation.parallel_renderer - Successfully pre-rendered clip 2 to D:\youtube-shorts-automation\automation\temp\shorts_v_1747325559\prerender_2_1747326069.mp4
2025-05-15 21:54:38,512 - INFO - automation.shorts_maker_V - Successfully pre-rendered complex clip 2: Section 2: The iPhone 18 Pro is rumored t...
2025-05-15 21:54:38,515 - INFO - automation.shorts_maker_V - Processing clip 3: Section 3: Imagine unlocking your phone w...
2025-05-15 21:54:38,516 - INFO - automation.shorts_maker_V - Clip 3 is complex, pre-rendering: Section 3: Imagine unlocking your phone w...
2025-05-15 21:54:38,653 - INFO - automation.parallel_renderer - Created new composite clip with fixed subclippeds for clip 3
2025-05-15 21:54:38,655 - INFO - automation.parallel_renderer - Pre-rendering clip 3 to D:\youtube-shorts-automation\automation\temp\shorts_v_1747325559\prerender_3_1747326278.mp4
2025-05-15 21:57:50,561 - INFO - automation.parallel_renderer - Successfully pre-rendered clip 3 to D:\youtube-shorts-automation\automation\temp\shorts_v_1747325559\prerender_3_1747326278.mp4
2025-05-15 21:57:50,590 - INFO - automation.shorts_maker_V - Successfully pre-rendered complex clip 3: Section 3: Imagine unlocking your phone w...
2025-05-15 21:57:50,594 - INFO - automation.shorts_maker_V - Processing clip 4: Section 4: This innovation could change h...
2025-05-15 21:57:50,595 - INFO - automation.shorts_maker_V - Clip 4 is complex, pre-rendering: Section 4: This innovation could change h...
2025-05-15 21:57:50,681 - INFO - automation.parallel_renderer - Created new composite clip with fixed subclippeds for clip 4
2025-05-15 21:57:50,682 - INFO - automation.parallel_renderer - Pre-rendering clip 4 to D:\youtube-shorts-automation\automation\temp\shorts_v_1747325559\prerender_4_1747326470.mp4
2025-05-15 22:00:13,012 - INFO - automation.parallel_renderer - Successfully pre-rendered clip 4 to D:\youtube-shorts-automation\automation\temp\shorts_v_1747325559\prerender_4_1747326470.mp4
2025-05-15 22:00:13,054 - INFO - automation.shorts_maker_V - Successfully pre-rendered complex clip 4: Section 4: This innovation could change h...
2025-05-15 22:00:13,060 - INFO - automation.shorts_maker_V - Processing clip 5: Section 5: Are you ready for this game-ch...
2025-05-15 22:00:13,061 - INFO - automation.shorts_maker_V - Clip 5 is complex, pre-rendering: Section 5: Are you ready for this game-ch...
2025-05-15 22:00:13,209 - INFO - automation.parallel_renderer - Created new composite clip with fixed subclippeds for clip 5
2025-05-15 22:00:13,210 - INFO - automation.parallel_renderer - Pre-rendering clip 5 to D:\youtube-shorts-automation\automation\temp\shorts_v_1747325559\prerender_5_1747326613.mp4
2025-05-15 22:02:02,656 - INFO - automation.parallel_renderer - Successfully pre-rendered clip 5 to D:\youtube-shorts-automation\automation\temp\shorts_v_1747325559\prerender_5_1747326613.mp4
2025-05-15 22:02:02,697 - INFO - automation.shorts_maker_V - Successfully pre-rendered complex clip 5: Section 5: Are you ready for this game-ch...
2025-05-15 22:02:02,703 - INFO - automation.shorts_maker_V - Processing clip 6: Section 6: Hit that like button and subsc...
2025-05-15 22:02:02,704 - INFO - automation.shorts_maker_V - Clip 6 is complex, pre-rendering: Section 6: Hit that like button and subsc...
2025-05-15 22:02:02,872 - INFO - automation.parallel_renderer - Created new composite clip with fixed subclippeds for clip 6
2025-05-15 22:02:02,873 - INFO - automation.parallel_renderer - Pre-rendering clip 6 to D:\youtube-shorts-automation\automation\temp\shorts_v_1747325559\prerender_6_1747326722.mp4
2025-05-15 22:03:45,868 - INFO - automation.parallel_renderer - Successfully pre-rendered clip 6 to D:\youtube-shorts-automation\automation\temp\shorts_v_1747325559\prerender_6_1747326722.mp4
2025-05-15 22:03:45,884 - INFO - automation.shorts_maker_V - Successfully pre-rendered complex clip 6: Section 6: Hit that like button and subsc...
2025-05-15 22:03:45,888 - INFO - automation.shorts_maker_V - === CLIPS BEFORE PARALLEL RENDERING ===
2025-05-15 22:03:45,888 - INFO - automation.shorts_maker_V - Position 0: Clip 0 (Section 0) - Section 0: LazyCreator presents: iPhone 1...
2025-05-15 22:03:45,890 - INFO - automation.shorts_maker_V - Position 1: Clip 1 (Section 1) - Section 1: The future of iPhones just got...
2025-05-15 22:03:45,891 - INFO - automation.shorts_maker_V - Position 2: Clip 2 (Section 2) - Section 2: The iPhone 18 Pro is rumored t...
2025-05-15 22:03:45,891 - INFO - automation.shorts_maker_V - Position 3: Clip 3 (Section 3) - Section 3: Imagine unlocking your phone w...
2025-05-15 22:03:45,891 - INFO - automation.shorts_maker_V - Position 4: Clip 4 (Section 4) - Section 4: This innovation could change h...
2025-05-15 22:03:45,891 - INFO - automation.shorts_maker_V - Position 5: Clip 5 (Section 5) - Section 5: Are you ready for this game-ch...
2025-05-15 22:03:45,892 - INFO - automation.shorts_maker_V - Position 6: Clip 6 (Section 6) - Section 6: Hit that like button and subsc...
2025-05-15 22:03:45,892 - INFO - automation.shorts_maker_V - === END CLIPS BEFORE PARALLEL RENDERING ===
2025-05-15 22:03:45,892 - INFO - automation.shorts_maker_V - Rendering clips in parallel...
2025-05-15 22:03:45,892 - INFO - automation.shorts_maker_V - Adding clip 0 to parallel processing: Section 0: LazyCreator presents: iPhone 1...
2025-05-15 22:03:45,893 - INFO - automation.shorts_maker_V - Adding clip 1 to parallel processing: Section 1: The future of iPhones just got...
2025-05-15 22:03:45,893 - INFO - automation.shorts_maker_V - Adding pre-rendered clip 2 to parallel processing: Section 2: The iPhone 18 Pro is rumored t...
2025-05-15 22:03:45,893 - INFO - automation.shorts_maker_V - Adding pre-rendered clip 3 to parallel processing: Section 3: Imagine unlocking your phone w...
2025-05-15 22:03:45,893 - INFO - automation.shorts_maker_V - Adding pre-rendered clip 4 to parallel processing: Section 4: This innovation could change h...
2025-05-15 22:03:45,894 - INFO - automation.shorts_maker_V - Adding pre-rendered clip 5 to parallel processing: Section 5: Are you ready for this game-ch...
2025-05-15 22:03:45,894 - INFO - automation.shorts_maker_V - Adding pre-rendered clip 6 to parallel processing: Section 6: Hit that like button and subsc...
2025-05-15 22:03:59,512 - ERROR - root - Clip 1 doesn't have write_videofile method, skipping
2025-05-15 22:03:59,552 - WARNING - automation.shorts_maker_V - Could not extract index from rendered path: D:\youtube-shorts-automation\automation\temp\shorts_v_1747325559\prerender_4_1747326470.mp4
2025-05-15 22:03:59,556 - WARNING - automation.shorts_maker_V - Could not extract index from rendered path: D:\youtube-shorts-automation\automation\temp\shorts_v_1747325559\prerender_6_1747326722.mp4
2025-05-15 22:03:59,557 - WARNING - automation.shorts_maker_V - Could not extract index from rendered path: D:\youtube-shorts-automation\automation\temp\shorts_v_1747325559\prerender_3_1747326278.mp4
2025-05-15 22:03:59,557 - WARNING - automation.shorts_maker_V - Could not extract index from rendered path: D:\youtube-shorts-automation\automation\temp\shorts_v_1747325559\prerender_2_1747326069.mp4
2025-05-15 22:03:59,565 - WARNING - automation.shorts_maker_V - Could not extract index from rendered path: D:\youtube-shorts-automation\automation\temp\shorts_v_1747325559\prerender_5_1747326613.mp4
2025-05-15 22:04:01,403 - INFO - automation.shorts_maker_V - === RENDERED PATHS WITH INDICES ===
2025-05-15 22:04:01,404 - INFO - automation.shorts_maker_V - === END RENDERED PATHS ===
2025-05-15 22:04:01,505 - INFO - automation.shorts_maker_V - Successfully rendered 5 out of 7 clips
2025-05-15 22:04:01,505 - INFO - automation.shorts_maker_V - Concatenating clips using FFmpeg...
2025-05-15 22:04:01,506 - INFO - automation.shorts_maker_V - Extracted index 4 from prerender filename: prerender_4_1747326470.mp4
2025-05-15 22:04:01,507 - INFO - automation.shorts_maker_V - Extracted index 6 from prerender filename: prerender_6_1747326722.mp4
2025-05-15 22:04:01,507 - INFO - automation.shorts_maker_V - Extracted index 3 from prerender filename: prerender_3_1747326278.mp4
2025-05-15 22:04:01,508 - INFO - automation.shorts_maker_V - Extracted index 2 from prerender filename: prerender_2_1747326069.mp4
2025-05-15 22:04:01,508 - INFO - automation.shorts_maker_V - Extracted index 5 from prerender filename: prerender_5_1747326613.mp4
2025-05-15 22:04:01,508 - INFO - automation.shorts_maker_V - Concatenating 5 clips in correct order
2025-05-15 22:04:01,508 - INFO - automation.shorts_maker_V - === CLIPS ORDER FOR CONCATENATION ===
2025-05-15 22:04:01,509 - INFO - automation.shorts_maker_V - Position 0: Clip 2 (Section 2) - Section 2: The iPhone 18 Pro is rumored t...
2025-05-15 22:04:01,509 - INFO - automation.shorts_maker_V - Position 1: Clip 3 (Section 3) - Section 3: Imagine unlocking your phone w...
2025-05-15 22:04:01,509 - INFO - automation.shorts_maker_V - Position 2: Clip 4 (Section 4) - Section 4: This innovation could change h...
2025-05-15 22:04:01,509 - INFO - automation.shorts_maker_V - Position 3: Clip 5 (Section 5) - Section 5: Are you ready for this game-ch...
2025-05-15 22:04:01,509 - INFO - automation.shorts_maker_V - Position 4: Clip 6 (Section 6) - Section 6: Hit that like button and subsc...
2025-05-15 22:04:01,509 - INFO - automation.shorts_maker_V - === END CLIPS ORDER FOR CONCATENATION ===
2025-05-15 22:04:01,531 - INFO - automation.shorts_maker_V - Running FFmpeg concatenation: ffmpeg -y -f concat -safe 0 -i D:\youtube-shorts-automation\automation\temp\shorts_v_1747325559\concat_list.txt -c:v libx264 -preset veryfast -crf 23 -pix_fmt yuv420p -max_muxing_queue_size 9999 -c:a aac -b:a 192k ai_shorts_output\yt_shorts_LazyCreator_presents_iPhone_18_20250515_214241.mp4
2025-05-15 22:04:13,116 - INFO - automation.shorts_maker_V - Successfully concatenated clips to ai_shorts_output\yt_shorts_LazyCreator_presents_iPhone_18_20250515_214241.mp4
2025-05-15 22:04:13,181 - INFO - helper.minor_helper - Completed YouTube short creation in 1277.04 seconds
2025-05-15 22:04:13,181 - INFO - __main__ - Generating thumbnail for the short
2025-05-15 22:04:13,185 - INFO - automation.thumbnail - STARTING generate_thumbnail at 22:04:13.184
2025-05-15 22:04:13,185 - INFO - automation.thumbnail - Using thumbnail prompt: A sleek iPhone 18 Pro displaying an in-display Face ID feature, with a futuristic background and glowing tech elements, emphasizing innovation and modern design.
2025-05-15 22:04:13,185 - INFO - automation.thumbnail - STARTING generate_image_huggingface at 22:04:13.185
2025-05-15 22:04:13,185 - INFO - automation.thumbnail - Hugging Face prompt: A sleek iPhone 18 Pro displaying an in-display Face ID feature, with a futu...
2025-05-15 22:04:13,976 - ERROR - automation.thumbnail - Error from Hugging Face API: 404
2025-05-15 22:04:29,715 - ERROR - automation.thumbnail - Error from Hugging Face API: 404
2025-05-15 22:04:59,719 - ERROR - automation.thumbnail - Failed to generate image with Hugging Face API after multiple attempts
2025-05-15 22:04:59,720 - INFO - automation.thumbnail - COMPLETED generate_image_huggingface in 46.54 seconds
2025-05-15 22:04:59,721 - INFO - automation.thumbnail - Falling back to Unsplash for thumbnail image
2025-05-15 22:04:59,721 - INFO - automation.thumbnail - STARTING fetch_image_unsplash at 22:04:59.721
2025-05-15 22:04:59,722 - INFO - automation.thumbnail - Searching Unsplash with query: A sleek iPhone 18 Pro displaying an in-display Face ID feature, with a futuristic background and glowing tech elements, emphasizing innovation and modern design.
2025-05-15 22:05:01,050 - INFO - automation.thumbnail - Unsplash image downloaded to D:\youtube-shorts-automation\automation\temp\thumbnail_1747326853\thumbnail_unsplash_1747326899_5906.jpg
2025-05-15 22:05:01,051 - INFO - automation.thumbnail - Image attribution: Photo by thomas heintz on Unsplash
2025-05-15 22:05:01,052 - INFO - automation.thumbnail - COMPLETED fetch_image_unsplash in 1.33 seconds
2025-05-15 22:05:01,053 - INFO - automation.thumbnail - STARTING create_thumbnail at 22:05:01.053
2025-05-15 22:05:01,053 - INFO - automation.thumbnail - Creating thumbnail for title: 'LazyCreator presents: iPhone 18 Pro: In-Display Face ID Confirmed?'
2025-05-15 22:05:01,053 - INFO - automation.thumbnail - Using base image: D:\youtube-shorts-automation\automation\temp\thumbnail_1747326853\thumbnail_unsplash_1747326899_5906.jpg
2025-05-15 22:05:01,053 - INFO - automation.thumbnail - Output path: ai_shorts_output\thumbnails\thumbnail_LazyCreator_presents_20250515_214241.jpg
2025-05-15 22:05:02,806 - INFO - automation.thumbnail - Base image size: (1080, 721)
2025-05-15 22:05:02,810 - ERROR - automation.thumbnail - Error creating thumbnail: 'JpegImageFile' object has no attribute 'resized'
2025-05-15 22:05:02,876 - ERROR - automation.thumbnail - Thumbnail creation traceback: Traceback (most recent call last):
  File "D:\youtube-shorts-automation\automation\thumbnail.py", line 257, in create_thumbnail
    img = img.resized(self.thumbnail_size, Image.LANCZOS)
          ^^^^^^^^^^^
AttributeError: 'JpegImageFile' object has no attribute 'resized'. Did you mean: 'resize'?

2025-05-15 22:05:02,901 - INFO - automation.thumbnail - COMPLETED create_thumbnail in 1.85 seconds
2025-05-15 22:05:02,903 - ERROR - automation.thumbnail - Failed to generate thumbnail
2025-05-15 22:05:02,906 - INFO - automation.thumbnail - COMPLETED generate_thumbnail in 49.72 seconds
2025-05-15 22:05:02,909 - INFO - __main__ - Attempting with Unsplash query: iphone technology
2025-05-15 22:05:02,912 - INFO - automation.thumbnail - STARTING fetch_image_unsplash at 22:05:02.912
2025-05-15 22:05:02,914 - INFO - automation.thumbnail - Searching Unsplash with query: iphone technology
2025-05-15 22:05:03,985 - INFO - automation.thumbnail - Unsplash image downloaded to D:\youtube-shorts-automation\automation\temp\thumbnail_1747326853\thumbnail_unsplash_1747326902_1294.jpg
2025-05-15 22:05:03,986 - INFO - automation.thumbnail - Image attribution: Photo by Yang Deng on Unsplash
2025-05-15 22:05:03,987 - INFO - automation.thumbnail - COMPLETED fetch_image_unsplash in 1.08 seconds
2025-05-15 22:05:03,988 - INFO - automation.thumbnail - STARTING create_thumbnail at 22:05:03.988
2025-05-15 22:05:03,988 - INFO - automation.thumbnail - Creating thumbnail for title: 'LazyCreator presents: iPhone 18 Pro: In-Display Face ID Confirmed?'
2025-05-15 22:05:03,989 - INFO - automation.thumbnail - Using base image: D:\youtube-shorts-automation\automation\temp\thumbnail_1747326853\thumbnail_unsplash_1747326902_1294.jpg
2025-05-15 22:05:03,989 - INFO - automation.thumbnail - Output path: ai_shorts_output\thumbnails\thumbnail_LazyCreator_presents_20250515_214241.jpg
2025-05-15 22:05:04,009 - INFO - automation.thumbnail - Base image size: (1080, 720)
2025-05-15 22:05:04,009 - ERROR - automation.thumbnail - Error creating thumbnail: 'JpegImageFile' object has no attribute 'resized'
2025-05-15 22:05:04,012 - ERROR - automation.thumbnail - Thumbnail creation traceback: Traceback (most recent call last):
  File "D:\youtube-shorts-automation\automation\thumbnail.py", line 257, in create_thumbnail
    img = img.resized(self.thumbnail_size, Image.LANCZOS)
          ^^^^^^^^^^^
AttributeError: 'JpegImageFile' object has no attribute 'resized'. Did you mean: 'resize'?

2025-05-15 22:05:04,013 - INFO - automation.thumbnail - COMPLETED create_thumbnail in 0.03 seconds
2025-05-15 22:05:04,013 - INFO - __main__ - Thumbnail generated at: None
2025-05-15 22:05:04,013 - INFO - automation.thumbnail - Cleaning up thumbnail temporary directory: D:\youtube-shorts-automation\automation\temp\thumbnail_1747326853
2025-05-15 22:05:04,014 - INFO - helper.minor_helper - Cleaning specific temporary directory: D:\youtube-shorts-automation\automation\temp\thumbnail_1747326853
2025-05-15 22:05:04,016 - INFO - helper.minor_helper - Successfully removed directory tree: D:\youtube-shorts-automation\automation\temp\thumbnail_1747326853
2025-05-15 22:05:04,016 - INFO - __main__ - Uploading to YouTube
2025-05-15 22:05:04,451 - INFO - googleapiclient.discovery_cache - file_cache is only supported with oauth2client<4.0.0
2025-05-15 22:05:04,644 - INFO - automation.youtube_upload - Uploading video: iPhone 18 Pro: In-Display Face ID Confirmed?
2025-05-15 22:05:14,666 - INFO - automation.youtube_upload - ✅ Video upload successful! Video ID: -6bmQplco7I
2025-05-15 22:05:14,666 - INFO - __main__ - Process completed successfully!
2025-05-15 22:05:14,667 - INFO - __main__ - Video path: ai_shorts_output\yt_shorts_LazyCreator_presents_iPhone_18_20250515_214241.mp4
2025-05-15 22:05:14,667 - INFO - __main__ - Running global cleanup of temporary files
2025-05-15 22:05:14,667 - INFO - helper.minor_helper - Cleaning up temporary directories in D:\youtube-shorts-automation\automation\temp
2025-05-15 22:05:14,668 - INFO - __main__ - Performing final cleanup of all temporary files
2025-05-15 22:05:14,668 - INFO - helper.minor_helper - Cleaning up temporary directories in D:\youtube-shorts-automation\automation\temp
2025-05-15 22:05:14,669 - INFO - helper.minor_helper - Removing temporary directory: D:\youtube-shorts-automation\automation\temp\generated_images
2025-05-15 22:05:14,670 - INFO - helper.minor_helper - Removing temporary directory: D:\youtube-shorts-automation\automation\temp\shorts_v_1747325559
2025-05-15 22:05:14,674 - INFO - helper.minor_helper - Removing temporary directory: D:\youtube-shorts-automation\automation\temp\video_downloads
2025-05-15 22:05:14,675 - WARNING - helper.minor_helper - Failed to remove directory D:\youtube-shorts-automation\automation\temp\video_downloads: [WinError 32] The process cannot access the file because it is being used by another process: 'D:\\youtube-shorts-automation\\automation\\temp\\video_downloads\\pexels_31954079.mp4'
